<?xml version="1.0" encoding="UTF-8"?>
<!-- Generated by org.testng.reporters.JUnitReportReporter -->
<testsuite hostname="DESKTOP-7RSSMPL" failures="0" tests="1" name="workspace.SeleniumTest" time="70.330" errors="0" timestamp="2024-08-31T16:11:22 IST" skipped="0">
  <testcase classname="workspace.SeleniumTest" name="SubmitOrder" time="70.330"/>
</testsuite> <!-- workspace.SeleniumTest -->
